<?xml version="1.0" encoding="UTF-8"?>
<testng-results ignored="0" total="1" passed="1" failed="0" skipped="0">
  <reporter-output>
  </reporter-output>
  <suite started-at="2024-07-06T14:46:33 IST" name="Default suite" finished-at="2024-07-06T14:46:55 IST" duration-ms="21982">
    <groups>
      <group name="smokeTest">
        <method signature="CreateContact1Test.createContactTest()[pri:0, instance:com.comcast.crm.contacttest.CreateContact1Test@72d1ad2e]" name="createContactTest" class="com.comcast.crm.contacttest.CreateContact1Test"/>
      </group> <!-- smokeTest -->
    </groups>
    <test started-at="2024-07-06T14:46:33 IST" name="Default test" finished-at="2024-07-06T14:46:55 IST" duration-ms="21982">
      <class name="com.comcast.crm.contacttest.CreateContact1Test">
        <test-method is-config="true" signature="configBS()[pri:0, instance:com.comcast.crm.contacttest.CreateContact1Test@72d1ad2e]" started-at="2024-07-06T14:46:32 IST" name="configBS" finished-at="2024-07-06T14:46:33 IST" duration-ms="956" status="PASS">
          <reporter-output>
          </reporter-output>
        </test-method> <!-- configBS -->
        <test-method is-config="true" signature="configBC()[pri:0, instance:com.comcast.crm.contacttest.CreateContact1Test@72d1ad2e]" started-at="2024-07-06T14:46:33 IST" name="configBC" finished-at="2024-07-06T14:46:40 IST" duration-ms="7180" status="PASS">
          <reporter-output>
          </reporter-output>
        </test-method> <!-- configBC -->
        <test-method is-config="true" signature="configBM()[pri:0, instance:com.comcast.crm.contacttest.CreateContact1Test@72d1ad2e]" started-at="2024-07-06T14:46:40 IST" name="configBM" finished-at="2024-07-06T14:46:45 IST" duration-ms="4821" status="PASS">
          <reporter-output>
          </reporter-output>
        </test-method> <!-- configBM -->
        <test-method signature="createContactTest()[pri:0, instance:com.comcast.crm.contacttest.CreateContact1Test@72d1ad2e]" started-at="2024-07-06T14:46:45 IST" name="createContactTest" finished-at="2024-07-06T14:46:53 IST" duration-ms="8347" status="PASS">
          <reporter-output>
          </reporter-output>
        </test-method> <!-- createContactTest -->
        <test-method is-config="true" signature="configAM()[pri:0, instance:com.comcast.crm.contacttest.CreateContact1Test@72d1ad2e]" started-at="2024-07-06T14:46:53 IST" name="configAM" finished-at="2024-07-06T14:46:54 IST" duration-ms="1113" status="PASS">
          <reporter-output>
          </reporter-output>
        </test-method> <!-- configAM -->
        <test-method is-config="true" signature="configAC()[pri:0, instance:com.comcast.crm.contacttest.CreateContact1Test@72d1ad2e]" started-at="2024-07-06T14:46:54 IST" name="configAC" finished-at="2024-07-06T14:46:55 IST" duration-ms="484" status="PASS">
          <reporter-output>
          </reporter-output>
        </test-method> <!-- configAC -->
        <test-method is-config="true" signature="configAS()[pri:0, instance:com.comcast.crm.contacttest.CreateContact1Test@72d1ad2e]" started-at="2024-07-06T14:46:55 IST" name="configAS" finished-at="2024-07-06T14:46:55 IST" duration-ms="425" status="PASS">
          <reporter-output>
          </reporter-output>
        </test-method> <!-- configAS -->
      </class> <!-- com.comcast.crm.contacttest.CreateContact1Test -->
    </test> <!-- Default test -->
  </suite> <!-- Default suite -->
</testng-results>
